<?xml version="1.0" encoding="UTF-8"?>
<!-- Generated by org.testng.reporters.JUnitReportReporter -->
<testsuite name="TestCases.TS_001" tests="1" time="13.805" ignored="0" failures="0" timestamp="03 Oct 2019 16:26:45 GMT" skipped="0" hostname="LAPTOP-GMETQ62M" errors="0">
  <testcase name="ts_88" time="13.805" classname="TestCases.TS_001"/>
</testsuite> <!-- TestCases.TS_001 -->
