<?xml version="1.0" encoding="UTF-8"?>
<!-- Generated by org.testng.reporters.JUnitReportReporter -->
<testsuite name="TestCases.TestcASE" tests="1" time="15.041" ignored="5" failures="0" timestamp="05 Oct 2019 07:10:08 GMT" skipped="0" hostname="LAPTOP-GMETQ62M" errors="0">
  <testcase name="m6" time="15.041" classname="TestCases.TestcASE"/>
  <testcase name="m1" classname="TestCases.TestcASE">
    <skipped/>
  </testcase> <!-- m1 -->
  <testcase name="m3" classname="TestCases.TestcASE">
    <skipped/>
  </testcase> <!-- m3 -->
  <testcase name="m2" classname="TestCases.TestcASE">
    <skipped/>
  </testcase> <!-- m2 -->
  <testcase name="m5" classname="TestCases.TestcASE">
    <skipped/>
  </testcase> <!-- m5 -->
  <testcase name="m4" classname="TestCases.TestcASE">
    <skipped/>
  </testcase> <!-- m4 -->
</testsuite> <!-- TestCases.TestcASE -->
